#
# There is insufficient memory for the Java Runtime Environment to continue.
# Native memory allocation (mmap) failed to map 65011712 bytes for G1 virtual space
# Possible reasons:
#   The system is out of physical RAM or swap space
#   The process is running with CompressedOops enabled, and the Java Heap may be blocking the growth of the native heap
# Possible solutions:
#   Reduce memory load on the system
#   Increase physical memory or swap space
#   Check if swap backing store is full
#   Decrease Java heap size (-Xmx/-Xms)
#   Decrease number of Java threads
#   Decrease Java thread stack sizes (-Xss)
#   Set larger code cache with -XX:ReservedCodeCacheSize=
#   JVM is running with Unscaled Compressed Oops mode in which the Java heap is
#     placed in the first 4GB address space. The Java Heap base address is the
#     maximum limit for the native heap growth. Please use -XX:HeapBaseMinAddress
#     to set the Java Heap base and to place the Java Heap above 4GB virtual address.
# This output file may be truncated or incomplete.
#
#  Out of Memory Error (os_windows.cpp:3528), pid=20316, tid=19300
#
# JRE version:  (20.0.2+9) (build )
# Java VM: Java HotSpot(TM) 64-Bit Server VM (20.0.2+9-78, mixed mode, sharing, tiered, compressed oops, compressed class ptrs, g1 gc, windows-amd64)
# No core dump will be written. Minidumps are not enabled by default on client versions of Windows
#

---------------  S U M M A R Y ------------

Command Line: -Dfile.encoding=UTF-8 -Dstdout.encoding=UTF-8 -Dstderr.encoding=UTF-8 --module-path=C:\Users\raahu\Desktop\mysql-connector-j-8.2.0\mysql-connector-j-8.2.0.jar -XX:+ShowCodeDetailsInExceptionMessages Jdbcexecute.Execute

Host: Intel(R) Celeron(R) N4000 CPU @ 1.10GHz, 2 cores, 3G,  Windows 10 , 64 bit Build 19041 (10.0.19041.2546)
Time: Wed Nov  1 22:49:36 2023 India Standard Time elapsed time: 0.035985 seconds (0d 0h 0m 0s)

---------------  T H R E A D  ---------------

Current thread (0x000001edd0a66f40):  JavaThread "Unknown thread" [_thread_in_vm, id=19300, stack(0x0000001bc0b00000,0x0000001bc0c00000)]

Stack: [0x0000001bc0b00000,0x0000001bc0c00000]
Native frames: (J=compiled Java code, j=interpreted, Vv=VM code, C=native code)
V  [jvm.dll+0x6bc25a]
V  [jvm.dll+0x84971a]
V  [jvm.dll+0x84b315]
V  [jvm.dll+0x84ba13]
V  [jvm.dll+0x280e4f]
V  [jvm.dll+0x6b8fe9]
V  [jvm.dll+0x6adbca]
V  [jvm.dll+0x35b165]
V  [jvm.dll+0x363386]
V  [jvm.dll+0x3b400e]
V  [jvm.dll+0x3b4295]
V  [jvm.dll+0x32b86a]
V  [jvm.dll+0x32c68b]
V  [jvm.dll+0x8123df]
V  [jvm.dll+0x3c1261]
V  [jvm.dll+0x7fe103]
V  [jvm.dll+0x44ccaf]
V  [jvm.dll+0x44e621]
C  [jli.dll+0x5287]
C  [ucrtbase.dll+0x21bb2]
C  [KERNEL32.DLL+0x17614]
C  [ntdll.dll+0x526a1]


---------------  P R O C E S S  ---------------

Threads class SMR info:
_java_thread_list=0x00007ffde8c3b118, length=0, elements={
}

Java Threads: ( => current thread )

Other Threads:
  0x000001edd0aa8960 WorkerThread "GC Thread#0" [stack: 0x0000001bc0c00000,0x0000001bc0d00000] [id=9540]
  0x000001edd0ab1370 ConcurrentGCThread "G1 Main Marker" [stack: 0x0000001bc0d00000,0x0000001bc0e00000] [id=13992]
  0x000001edd0ab26e0 WorkerThread "G1 Conc#0" [stack: 0x0000001bc0e00000,0x0000001bc0f00000] [id=16220]

[error occurred during error reporting (printing all threads), id 0xc0000005, EXCEPTION_ACCESS_VIOLATION (0xc0000005) at pc=0x00007ffde841eea7]
VM state: not at safepoint (not fully initialized)

VM Mutex/Monitor currently owned by a thread:  ([mutex/lock_event])
[0x000001edd0a62c20] Heap_lock - owner thread: 0x000001edd0a66f40

Heap address: 0x00000000c2c00000, size: 980 MB, Compressed Oops mode: 32-bit

CDS archive(s) mapped at: [0x0000000000000000-0x0000000000000000-0x0000000000000000), size 0, SharedBaseAddress: 0x0000000800000000, ArchiveRelocationMode: 1.
Narrow klass base: 0x0000000000000000, Narrow klass shift: 0, Narrow klass range: 0x0

GC Precious Log:
 CardTable entry size: 512
 Card Set container configuration: InlinePtr #cards 5 size 8 Array Of Cards #cards 12 size 40 Howl #buckets 4 coarsen threshold 1843 Howl Bitmap #cards 512 size 80 coarsen threshold 460 Card regions per heap region 1 cards per card region 2048

Heap:
 garbage-first heap   total 0K, used 0K [0x00000000c2c00000, 0x0000000100000000)
  region size 1024K, 0 young (0K), 0 survivors (0K)

[error occurred during error reporting (printing heap information), id 0xc0000005, EXCEPTION_ACCESS_VIOLATION (0xc0000005) at pc=0x00007ffde87f47b9]
GC Heap History (0 events):
No events

Dll operation events (1 events):
Event: 0.020 Loaded shared library C:\Program Files\Java\jdk-20\bin\java.dll

Deoptimization events (0 events):
No events

Classes loaded (0 events):
No events

Classes unloaded (0 events):
No events

Classes redefined (0 events):
No events

Internal exceptions (0 events):
No events

VM Operations (0 events):
No events

Events (0 events):
No events


Dynamic libraries:
0x00007ff7d4e30000 - 0x00007ff7d4e40000 	C:\Program Files\Java\jdk-20\bin\javaw.exe
0x00007ffe445f0000 - 0x00007ffe447e8000 	C:\WINDOWS\SYSTEM32\ntdll.dll
0x00007ffe43950000 - 0x00007ffe43a0f000 	C:\WINDOWS\System32\KERNEL32.DLL
0x00007ffe42240000 - 0x00007ffe42512000 	C:\WINDOWS\System32\KERNELBASE.dll
0x00007ffe42140000 - 0x00007ffe42240000 	C:\WINDOWS\System32\ucrtbase.dll
0x00007ffe303d0000 - 0x00007ffe303e9000 	C:\Program Files\Java\jdk-20\bin\jli.dll
0x00007ffe43e80000 - 0x00007ffe43f2e000 	C:\WINDOWS\System32\ADVAPI32.dll
0x00007ffe444a0000 - 0x00007ffe4453e000 	C:\WINDOWS\System32\msvcrt.dll
0x00007ffe43de0000 - 0x00007ffe43e7c000 	C:\WINDOWS\System32\sechost.dll
0x00007ffe433e0000 - 0x00007ffe43505000 	C:\WINDOWS\System32\RPCRT4.dll
0x00007ffe44090000 - 0x00007ffe44231000 	C:\WINDOWS\System32\USER32.dll
0x00007ffe41d30000 - 0x00007ffe41d52000 	C:\WINDOWS\System32\win32u.dll
0x00007ffe44250000 - 0x00007ffe4427b000 	C:\WINDOWS\System32\GDI32.dll
0x00007ffe42520000 - 0x00007ffe4262f000 	C:\WINDOWS\System32\gdi32full.dll
0x00007ffe41e80000 - 0x00007ffe41f1d000 	C:\WINDOWS\System32\msvcp_win.dll
0x00007ffe3a120000 - 0x00007ffe3a13b000 	C:\Program Files\Java\jdk-20\bin\VCRUNTIME140.dll
0x00007ffe2cac0000 - 0x00007ffe2cd5a000 	C:\WINDOWS\WinSxS\amd64_microsoft.windows.common-controls_6595b64144ccf1df_6.0.19041.1110_none_60b5254171f9507e\COMCTL32.dll
0x00007ffe396c0000 - 0x00007ffe396ca000 	C:\WINDOWS\SYSTEM32\VERSION.dll
0x00007ffe44050000 - 0x00007ffe44082000 	C:\WINDOWS\System32\IMM32.DLL
0x00007ffe3d080000 - 0x00007ffe3d08c000 	C:\Program Files\Java\jdk-20\bin\vcruntime140_1.dll
0x00007ffdfffb0000 - 0x00007ffe0003e000 	C:\Program Files\Java\jdk-20\bin\msvcp140.dll
0x00007ffde80e0000 - 0x00007ffde8d78000 	C:\Program Files\Java\jdk-20\bin\server\jvm.dll
0x00007ffe3b830000 - 0x00007ffe3b839000 	C:\WINDOWS\SYSTEM32\WSOCK32.dll
0x00007ffe43c60000 - 0x00007ffe43ccb000 	C:\WINDOWS\System32\WS2_32.dll
0x00007ffe3ed80000 - 0x00007ffe3eda7000 	C:\WINDOWS\SYSTEM32\WINMM.dll
0x00007ffe40530000 - 0x00007ffe40542000 	C:\WINDOWS\SYSTEM32\kernel.appcore.dll
0x00007ffe3b410000 - 0x00007ffe3b41a000 	C:\Program Files\Java\jdk-20\bin\jimage.dll
0x00007ffe40200000 - 0x00007ffe403e4000 	C:\WINDOWS\SYSTEM32\DBGHELP.DLL
0x00007ffe2b5b0000 - 0x00007ffe2b5e5000 	C:\WINDOWS\SYSTEM32\dbgcore.DLL
0x00007ffe41f20000 - 0x00007ffe41fa2000 	C:\WINDOWS\System32\bcryptPrimitives.dll
0x00007ffe303a0000 - 0x00007ffe303c6000 	C:\Program Files\Java\jdk-20\bin\java.dll

dbghelp: loaded successfully - version: 4.0.5 - missing functions: none
symbol engine: initialized successfully - sym options: 0x614 - pdb path: .;C:\Program Files\Java\jdk-20\bin;C:\WINDOWS\SYSTEM32;C:\WINDOWS\WinSxS\amd64_microsoft.windows.common-controls_6595b64144ccf1df_6.0.19041.1110_none_60b5254171f9507e;C:\Program Files\Java\jdk-20\bin\server

VM Arguments:
jvm_args: -Dfile.encoding=UTF-8 -Dstdout.encoding=UTF-8 -Dstderr.encoding=UTF-8 --module-path=C:\Users\raahu\Desktop\mysql-connector-j-8.2.0\mysql-connector-j-8.2.0.jar -XX:+ShowCodeDetailsInExceptionMessages 
java_command: Jdbcexecute.Execute
java_class_path (initial): C:\Users\raahu\eclipse-workspace\Jdbc1\bin
Launcher Type: SUN_STANDARD

[Global flags]
     intx CICompilerCount                          = 2                                         {product} {ergonomic}
     uint ConcGCThreads                            = 1                                         {product} {ergonomic}
     uint G1ConcRefinementThreads                  = 2                                         {product} {ergonomic}
   size_t G1HeapRegionSize                         = 1048576                                   {product} {ergonomic}
    uintx GCDrainStackTargetSize                   = 64                                        {product} {ergonomic}
   size_t InitialHeapSize                          = 65011712                                  {product} {ergonomic}
   size_t MarkStackSize                            = 4194304                                   {product} {ergonomic}
   size_t MaxHeapSize                              = 1027604480                                {product} {ergonomic}
   size_t MinHeapDeltaBytes                        = 1048576                                   {product} {ergonomic}
   size_t MinHeapSize                              = 8388608                                   {product} {ergonomic}
    uintx NonNMethodCodeHeapSize                   = 5826188                                {pd product} {ergonomic}
    uintx NonProfiledCodeHeapSize                  = 122916026                              {pd product} {ergonomic}
    uintx ProfiledCodeHeapSize                     = 122916026                              {pd product} {ergonomic}
    uintx ReservedCodeCacheSize                    = 251658240                              {pd product} {ergonomic}
     bool SegmentedCodeCache                       = true                                      {product} {ergonomic}
     bool ShowCodeDetailsInExceptionMessages       = true                                   {manageable} {command line}
   size_t SoftMaxHeapSize                          = 1027604480                             {manageable} {ergonomic}
     bool UseCompressedClassPointers               = true                           {product lp64_product} {ergonomic}
     bool UseCompressedOops                        = true                           {product lp64_product} {ergonomic}
     bool UseG1GC                                  = true                                      {product} {ergonomic}
     bool UseLargePagesIndividualAllocation        = false                                  {pd product} {ergonomic}

Logging:
Log output configuration:
 #0: stdout all=warning uptime,level,tags foldmultilines=false
 #1: stderr all=off uptime,level,tags foldmultilines=false

Environment Variables:
PATH=C:\Program Files\Common Files\Oracle\Java\javapath;C:\Program Files (x86)\Common Files\Oracle\Java\javapath;C:\WINDOWS\system32;C:\WINDOWS;C:\WINDOWS\System32\Wbem;C:\WINDOWS\System32\WindowsPowerShell\v1.0\;C:\WINDOWS\System32\OpenSSH\;C:\Program Files\Git\cmd;C:\Program Files\nodejs\;C:\Users\raahu\AppData\Local\Microsoft\WindowsApps;;C:\Users\raahu\AppData\Local\Programs\Microsoft VS Code\bin;C:\Program Files (x86)\Nmap;C:\Users\raahu\AppData\Roaming\npm
USERNAME=raahu
OS=Windows_NT
PROCESSOR_IDENTIFIER=Intel64 Family 6 Model 122 Stepping 1, GenuineIntel
TMP=C:\Users\raahu\AppData\Local\Temp
TEMP=C:\Users\raahu\AppData\Local\Temp




---------------  S Y S T E M  ---------------

OS:
 Windows 10 , 64 bit Build 19041 (10.0.19041.2546)
OS uptime: 39 days 3:15 hours

CPU: total 2 (initial active 2) (2 cores per cpu, 1 threads per core) family 6 model 122 stepping 1 microcode 0x32, cx8, cmov, fxsr, mmx, 3dnowpref, sse, sse2, sse3, ssse3, sse4.1, sse4.2, popcnt, tsc, tscinvbit, aes, erms, clmul, sha, clflush, clflushopt, rdtscp, rdpid

Memory: 4k page, system-wide physical 3916M (567M free)
TotalPageFile size 8930M (AvailPageFile size 36M)
current process WorkingSet (physical memory assigned to process): 10M, peak: 10M
current process commit charge ("private bytes"): 47M, peak: 109M

vm_info: Java HotSpot(TM) 64-Bit Server VM (20.0.2+9-78) for windows-amd64 JRE (20.0.2+9-78), built on 2023-06-14T10:08:48Z by "mach5one" with MS VC++ 17.1 (VS2022)

END.
